<?xml version="1.0" encoding="UTF-8" ?>
<testsuites errors="0"
            failures="1"
            tests="1">

  <testsuite name="github.github"
    errors="0" failures="1" hostname="" id="" package="github" skipped="0"
    tests="1" time="2.785" timestamp="">
  
    <testcase name="Demo test GitHub" classname="github.github" time="2.785" assertions="1">  <failure message="Timed out while waiting for element &lt;xbody&gt; to be present for 1000 milliseconds. - expected [0;32m&#34;visible&#34;[0m but got: [0;31m&#34;not found&#34;[0m [0;90m(1069ms)[0m">    at Object.Demo test GitHub (C:\Users\y.sazak\Documents\nightwatch-test\example-tests\github\github.js:6:8)
    at process._tickCallback (internal/process/next_tick.js:68:7)</failure>

    
      <failure message="    at Object.Demo test GitHub (C:\Users\y.sazak\Documents\nightwatch-test\example-tests\github\github.js:6:8)">    at process._tickCallback (internal/process/next_tick.js:68:7)</failure>
    </testcase>
  

  

  
  </testsuite>
</testsuites>
